<?xml version="1.0" encoding="UTF-8"?>
<testsuite xmlns:xsi="http://www.w3.org/2001/XMLSchema-instance" xsi:noNamespaceSchemaLocation="https://maven.apache.org/surefire/maven-surefire-plugin/xsd/surefire-test-report-3.0.xsd" version="3.0" name="CalculatorTest" time="0.09" tests="5" errors="0" skipped="0" failures="0">
  <properties>
[...]
</properties>
  <testcase name="testDivideByZero" classname="CalculatorTest" time="0.009">
    <system-out><![CDATA[Initializing resources before any tests are run...
Setting up before each test...
Running testDivideByZero...
Tearing down after each test...
]]></system-out>
  </testcase>
  <testcase name="testAdd" classname="CalculatorTest" time="0.0">
    <system-out><![CDATA[Setting up before each test...
Running testAdd...
Tearing down after each test...
]]></system-out>
  </testcase>
  <testcase name="testSubtract" classname="CalculatorTest" time="0.0">
    <system-out><![CDATA[Setting up before each test...
Running testSubtract...
Tearing down after each test...
]]></system-out>
  </testcase>
  <testcase name="testDivide" classname="CalculatorTest" time="0.0">
    <system-out><![CDATA[Setting up before each test...
Running testDivide...
Tearing down after each test...
]]></system-out>
  </testcase>
  <testcase name="testMultiply" classname="CalculatorTest" time="0.008">
    <system-out><![CDATA[Setting up before each test...
Running testMultiply...
Tearing down after each test...
]]></system-out>
  </testcase>
</testsuite>